<?xml version="1.0" encoding="UTF-8"?>
<!-- Generated by org.testng.reporters.JUnitReportReporter -->
<testsuite hostname="DESKTOP-V8I7LSO" failures="0" tests="1" name="automationProject1.TestCase31" time="5.106" errors="0" timestamp="2024-02-05T16:02:26 AEDT" skipped="0">
  <testcase classname="automationProject1.TestCase31" name="TestExecution" time="5.106"/>
</testsuite> <!-- automationProject1.TestCase31 -->
