<?xml version="1.0" encoding="UTF-8"?>
<!-- Generated by org.testng.reporters.JUnitReportReporter -->
<testsuite hostname="DESKTOP-V8I7LSO" failures="0" tests="1" name="automationProject1.TestCase30" time="3.252" errors="0" timestamp="2024-02-05T16:02:02 AEDT" skipped="0">
  <testcase classname="automationProject1.TestCase30" name="TestExecution" time="3.252"/>
</testsuite> <!-- automationProject1.TestCase30 -->
