<?xml version="1.0" encoding="UTF-8"?>
<!-- Generated by org.testng.reporters.JUnitReportReporter -->
<testsuite hostname="DESKTOP-V8I7LSO" failures="0" tests="1" name="automationProject1.TestCase25" time="17.692" errors="0" timestamp="2024-02-05T15:56:47 AEDT" skipped="0">
  <testcase classname="automationProject1.TestCase25" name="TestExecution" time="17.692"/>
</testsuite> <!-- automationProject1.TestCase25 -->
