<?xml version="1.0" encoding="UTF-8"?>
<!-- Generated by org.testng.reporters.JUnitReportReporter -->
<testsuite hostname="DESKTOP-V8I7LSO" failures="0" tests="1" name="automationProject1.TestCase12" time="8.202" errors="0" timestamp="2024-02-05T15:51:31 AEDT" skipped="0">
  <testcase classname="automationProject1.TestCase12" name="TestExecution" time="8.202"/>
</testsuite> <!-- automationProject1.TestCase12 -->
