<?xml version="1.0" encoding="UTF-8"?>
<!-- Generated by org.testng.reporters.JUnitReportReporter -->
<testsuite hostname="DESKTOP-V8I7LSO" failures="0" tests="1" name="automationProject1.TestCase27" time="15.600" errors="0" timestamp="2024-02-05T15:59:11 AEDT" skipped="0">
  <testcase classname="automationProject1.TestCase27" name="TestExecution" time="15.600"/>
</testsuite> <!-- automationProject1.TestCase27 -->
