<?xml version="1.0" encoding="UTF-8"?>
<!-- Generated by org.testng.reporters.JUnitReportReporter -->
<testsuite hostname="DESKTOP-V8I7LSO" failures="0" tests="1" name="automationProject1.TestCase2" time="7.274" errors="0" timestamp="2024-02-05T15:21:08 AEDT" skipped="0">
  <testcase classname="automationProject1.TestCase2" name="TestExecution" time="7.274"/>
</testsuite> <!-- automationProject1.TestCase2 -->
