<?xml version="1.0" encoding="UTF-8"?>
<!-- Generated by org.testng.reporters.JUnitReportReporter -->
<testsuite hostname="DESKTOP-V8I7LSO" failures="0" tests="1" name="automationProject1.TestCase23" time="8.213" errors="0" timestamp="2024-02-05T15:55:40 AEDT" skipped="0">
  <testcase classname="automationProject1.TestCase23" name="TestExecution" time="8.213"/>
</testsuite> <!-- automationProject1.TestCase23 -->
