<?xml version="1.0" encoding="UTF-8"?>
<!-- Generated by org.testng.reporters.JUnitReportReporter -->
<testsuite hostname="DESKTOP-V8I7LSO" failures="0" tests="1" name="automationProject1.TestCase3" time="6.266" errors="0" timestamp="2024-02-05T15:38:48 AEDT" skipped="0">
  <testcase classname="automationProject1.TestCase3" name="TestExecution" time="6.266"/>
</testsuite> <!-- automationProject1.TestCase3 -->
