<?xml version="1.0" encoding="UTF-8"?>
<!-- Generated by org.testng.reporters.JUnitReportReporter -->
<testsuite hostname="DESKTOP-V8I7LSO" failures="0" tests="1" name="automationProject1.TestCase5" time="6.246" errors="0" timestamp="2024-02-05T15:46:41 AEDT" skipped="0">
  <testcase classname="automationProject1.TestCase5" name="TestExecution" time="6.246"/>
</testsuite> <!-- automationProject1.TestCase5 -->
