<?xml version="1.0" encoding="UTF-8"?>
<!-- Generated by org.testng.reporters.JUnitReportReporter -->
<testsuite hostname="DESKTOP-V8I7LSO" failures="0" tests="1" name="automationProject1.TestCase20" time="14.329" errors="0" timestamp="2024-02-05T15:54:19 AEDT" skipped="0">
  <testcase classname="automationProject1.TestCase20" name="TestExecution" time="14.329"/>
</testsuite> <!-- automationProject1.TestCase20 -->
