<?xml version="1.0" encoding="UTF-8"?>
<!-- Generated by org.testng.reporters.JUnitReportReporter -->
<testsuite hostname="DESKTOP-V8I7LSO" failures="0" tests="1" name="automationProject1.TestCase29" time="17.725" errors="0" timestamp="2024-02-05T16:01:42 AEDT" skipped="0">
  <testcase classname="automationProject1.TestCase29" name="TestExecution" time="17.725"/>
</testsuite> <!-- automationProject1.TestCase29 -->
